<?xml version="1.0" encoding="UTF-8"?>
<!-- Generated by org.testng.reporters.JUnitXMLReporter -->
<testsuite hostname="DESKTOP-TJ3BED7" name="secondreportsep8" tests="16" failures="2" timestamp="8 Sep 2022 09:39:37 GMT" time="5.434" errors="0">
  <testcase name="friends" time="0.171" classname="sep7.Faceebok"/>
  <testcase name="friends" time="0.237" classname="sep7.Faceebok"/>
  <testcase name="friends" time="0.164" classname="sep7.Faceebok"/>
  <testcase name="friends" time="0.405" classname="sep7.Faceebok"/>
  <testcase name="friends" time="0.238" classname="sep7.Faceebok"/>
  <testcase name="friends" time="0.445" classname="sep7.Faceebok"/>
  <testcase name="friends" time="0.163" classname="sep7.Faceebok"/>
  <testcase name="friends" time="0.286" classname="sep7.Faceebok">
    <failure type="org.openqa.selenium.StaleElementReferenceException" message="stale element reference: element is not attached to the page document
  (Session info: chrome=105.0.5195.102)
For documentation on this error, please visit: http://seleniumhq.org/exceptions/stale_element_reference.html
Build info: version: &amp;apos;3.14.0&amp;apos;, revision: &amp;apos;aacccce0&amp;apos;, time: &amp;apos;2018-08-02T20:13:22.693Z&amp;apos;
System info: host: &amp;apos;DESKTOP-TJ3BED7&amp;apos;, ip: &amp;apos;192.168.1.16&amp;apos;, os.name: &amp;apos;Windows 10&amp;apos;, os.arch: &amp;apos;amd64&amp;apos;, os.version: &amp;apos;10.0&amp;apos;, java.version: &amp;apos;1.8.0_121&amp;apos;
Driver info: org.openqa.selenium.chrome.ChromeDriver
Capabilities {acceptInsecureCerts: false, browserName: chrome, browserVersion: 105.0.5195.102, chrome: {chromedriverVersion: 105.0.5195.52 (412c95e51883..., userDataDir: C:\Users\INDIA\AppData\Loca...}, goog:chromeOptions: {debuggerAddress: localhost:52137}, javascriptEnabled: true, networkConnectionEnabled: false, pageLoadStrategy: normal, platform: WINDOWS, platformName: WINDOWS, proxy: Proxy(), setWindowRect: true, strictFileInteractability: false, timeouts: {implicit: 0, pageLoad: 300000, script: 30000}, unhandledPromptBehavior: dismiss and notify, webauthn:extension:credBlob: true, webauthn:extension:largeBlob: true, webauthn:virtualAuthenticators: true}
Session ID: e9e54a2a7c77e7236d3f1cc45e226563">
      <![CDATA[org.openqa.selenium.StaleElementReferenceException: stale element reference: element is not attached to the page document
  (Session info: chrome=105.0.5195.102)
For documentation on this error, please visit: http://seleniumhq.org/exceptions/stale_element_reference.html
Build info: version: '3.14.0', revision: 'aacccce0', time: '2018-08-02T20:13:22.693Z'
System info: host: 'DESKTOP-TJ3BED7', ip: '192.168.1.16', os.name: 'Windows 10', os.arch: 'amd64', os.version: '10.0', java.version: '1.8.0_121'
Driver info: org.openqa.selenium.chrome.ChromeDriver
Capabilities {acceptInsecureCerts: false, browserName: chrome, browserVersion: 105.0.5195.102, chrome: {chromedriverVersion: 105.0.5195.52 (412c95e51883..., userDataDir: C:\Users\INDIA\AppData\Loca...}, goog:chromeOptions: {debuggerAddress: localhost:52137}, javascriptEnabled: true, networkConnectionEnabled: false, pageLoadStrategy: normal, platform: WINDOWS, platformName: WINDOWS, proxy: Proxy(), setWindowRect: true, strictFileInteractability: false, timeouts: {implicit: 0, pageLoad: 300000, script: 30000}, unhandledPromptBehavior: dismiss and notify, webauthn:extension:credBlob: true, webauthn:extension:largeBlob: true, webauthn:virtualAuthenticators: true}
Session ID: e9e54a2a7c77e7236d3f1cc45e226563
	at org.openqa.selenium.remote.http.W3CHttpResponseCodec.createException(W3CHttpResponseCodec.java:187)
	at org.openqa.selenium.remote.http.W3CHttpResponseCodec.decode(W3CHttpResponseCodec.java:122)
	at org.openqa.selenium.remote.http.W3CHttpResponseCodec.decode(W3CHttpResponseCodec.java:49)
	at org.openqa.selenium.remote.HttpCommandExecutor.execute(HttpCommandExecutor.java:158)
	at org.openqa.selenium.remote.service.DriverCommandExecutor.execute(DriverCommandExecutor.java:83)
	at org.openqa.selenium.remote.RemoteWebDriver.execute(RemoteWebDriver.java:548)
	at org.openqa.selenium.remote.RemoteWebElement.execute(RemoteWebElement.java:276)
	at org.openqa.selenium.remote.RemoteWebElement.click(RemoteWebElement.java:83)
	at sep7.Faceebok.friends(Faceebok.java:9)
... Removed 29 stack frames]]>
    </failure>
  </testcase> <!-- friends -->
  <testcase name="friends" time="0.133" classname="sep7.Faceebok"/>
  <testcase name="friends" time="0.268" classname="sep7.Faceebok"/>
  <testcase name="videos" time="0.237" classname="sep7.Faceebok"/>
  <testcase name="videos" time="0.107" classname="sep7.Faceebok"/>
  <testcase name="videos" time="0.221" classname="sep7.Faceebok"/>
  <testcase name="videos" time="0.647" classname="sep7.Faceebok"/>
  <testcase name="videos" time="0.187" classname="sep7.Faceebok"/>
  <testcase name="home" time="1.491" classname="sep7.Faceebok">
    <failure type="org.openqa.selenium.ElementClickInterceptedException" message="element click intercepted: Element &amp;lt;path d=&amp;quot;M17.5 23.979 21.25 23.979C21.386 23.979 21.5 23.864 21.5 23.729L21.5 13.979C21.5 13.427 21.949 12.979 22.5 12.979L24.33 12.979 14.017 4.046 3.672 12.979 5.5 12.979C6.052 12.979 6.5 13.427 6.5 13.979L6.5 23.729C6.5 23.864 6.615 23.979 6.75 23.979L10.5 23.979 10.5 17.729C10.5 17.04 11.061 16.479 11.75 16.479L16.25 16.479C16.939 16.479 17.5 17.04 17.5 17.729L17.5 23.979ZM21.25 25.479 17 25.479C16.448 25.479 16 25.031 16 24.479L16 18.327C16 18.135 15.844 17.979 15.652 17.979L12.348 17.979C12.156 17.979 12 18.135 12 18.327L12 24.479C12 25.031 11.552 25.479 11 25.479L6.75 25.479C5.784 25.479 5 24.695 5 23.729L5 14.479 3.069 14.479C2.567 14.479 2.079 14.215 1.868 13.759 1.63 13.245 1.757 12.658 2.175 12.29L13.001 2.912C13.248 2.675 13.608 2.527 13.989 2.521 14.392 2.527 14.753 2.675 15.027 2.937L25.821 12.286C25.823 12.288 25.824 12.289 25.825 12.29 26.244 12.658 26.371 13.245 26.133 13.759 25.921 14.215 25.434 14.479 24.931 14.479L23 14.479 23 23.729C23 24.695 22.217 25.479 21.25 25.479Z&amp;quot;&amp;gt;&amp;lt;/path&amp;gt; is not clickable at point (520, 28). Other element would receive the click: &amp;lt;svg viewBox=&amp;quot;0 0 28 28&amp;quot; class=&amp;quot;b6ax4al1 m4pnbp5e somyomsx ahndzqod gnhxmgs4&amp;quot; fill=&amp;quot;currentColor&amp;quot; height=&amp;quot;28&amp;quot; width=&amp;quot;28&amp;quot;&amp;gt;...&amp;lt;/svg&amp;gt;
  (Session info: chrome=105.0.5195.102)
Build info: version: &amp;apos;3.14.0&amp;apos;, revision: &amp;apos;aacccce0&amp;apos;, time: &amp;apos;2018-08-02T20:13:22.693Z&amp;apos;
System info: host: &amp;apos;DESKTOP-TJ3BED7&amp;apos;, ip: &amp;apos;192.168.1.16&amp;apos;, os.name: &amp;apos;Windows 10&amp;apos;, os.arch: &amp;apos;amd64&amp;apos;, os.version: &amp;apos;10.0&amp;apos;, java.version: &amp;apos;1.8.0_121&amp;apos;
Driver info: org.openqa.selenium.chrome.ChromeDriver
Capabilities {acceptInsecureCerts: false, browserName: chrome, browserVersion: 105.0.5195.102, chrome: {chromedriverVersion: 105.0.5195.52 (412c95e51883..., userDataDir: C:\Users\INDIA\AppData\Loca...}, goog:chromeOptions: {debuggerAddress: localhost:52137}, javascriptEnabled: true, networkConnectionEnabled: false, pageLoadStrategy: normal, platform: WINDOWS, platformName: WINDOWS, proxy: Proxy(), setWindowRect: true, strictFileInteractability: false, timeouts: {implicit: 0, pageLoad: 300000, script: 30000}, unhandledPromptBehavior: dismiss and notify, webauthn:extension:credBlob: true, webauthn:extension:largeBlob: true, webauthn:virtualAuthenticators: true}
Session ID: e9e54a2a7c77e7236d3f1cc45e226563">
      <![CDATA[org.openqa.selenium.ElementClickInterceptedException: element click intercepted: Element <path d="M17.5 23.979 21.25 23.979C21.386 23.979 21.5 23.864 21.5 23.729L21.5 13.979C21.5 13.427 21.949 12.979 22.5 12.979L24.33 12.979 14.017 4.046 3.672 12.979 5.5 12.979C6.052 12.979 6.5 13.427 6.5 13.979L6.5 23.729C6.5 23.864 6.615 23.979 6.75 23.979L10.5 23.979 10.5 17.729C10.5 17.04 11.061 16.479 11.75 16.479L16.25 16.479C16.939 16.479 17.5 17.04 17.5 17.729L17.5 23.979ZM21.25 25.479 17 25.479C16.448 25.479 16 25.031 16 24.479L16 18.327C16 18.135 15.844 17.979 15.652 17.979L12.348 17.979C12.156 17.979 12 18.135 12 18.327L12 24.479C12 25.031 11.552 25.479 11 25.479L6.75 25.479C5.784 25.479 5 24.695 5 23.729L5 14.479 3.069 14.479C2.567 14.479 2.079 14.215 1.868 13.759 1.63 13.245 1.757 12.658 2.175 12.29L13.001 2.912C13.248 2.675 13.608 2.527 13.989 2.521 14.392 2.527 14.753 2.675 15.027 2.937L25.821 12.286C25.823 12.288 25.824 12.289 25.825 12.29 26.244 12.658 26.371 13.245 26.133 13.759 25.921 14.215 25.434 14.479 24.931 14.479L23 14.479 23 23.729C23 24.695 22.217 25.479 21.25 25.479Z"></path> is not clickable at point (520, 28). Other element would receive the click: <svg viewBox="0 0 28 28" class="b6ax4al1 m4pnbp5e somyomsx ahndzqod gnhxmgs4" fill="currentColor" height="28" width="28">...</svg>
  (Session info: chrome=105.0.5195.102)
Build info: version: '3.14.0', revision: 'aacccce0', time: '2018-08-02T20:13:22.693Z'
System info: host: 'DESKTOP-TJ3BED7', ip: '192.168.1.16', os.name: 'Windows 10', os.arch: 'amd64', os.version: '10.0', java.version: '1.8.0_121'
Driver info: org.openqa.selenium.chrome.ChromeDriver
Capabilities {acceptInsecureCerts: false, browserName: chrome, browserVersion: 105.0.5195.102, chrome: {chromedriverVersion: 105.0.5195.52 (412c95e51883..., userDataDir: C:\Users\INDIA\AppData\Loca...}, goog:chromeOptions: {debuggerAddress: localhost:52137}, javascriptEnabled: true, networkConnectionEnabled: false, pageLoadStrategy: normal, platform: WINDOWS, platformName: WINDOWS, proxy: Proxy(), setWindowRect: true, strictFileInteractability: false, timeouts: {implicit: 0, pageLoad: 300000, script: 30000}, unhandledPromptBehavior: dismiss and notify, webauthn:extension:credBlob: true, webauthn:extension:largeBlob: true, webauthn:virtualAuthenticators: true}
Session ID: e9e54a2a7c77e7236d3f1cc45e226563
	at org.openqa.selenium.remote.http.W3CHttpResponseCodec.createException(W3CHttpResponseCodec.java:187)
	at org.openqa.selenium.remote.http.W3CHttpResponseCodec.decode(W3CHttpResponseCodec.java:122)
	at org.openqa.selenium.remote.http.W3CHttpResponseCodec.decode(W3CHttpResponseCodec.java:49)
	at org.openqa.selenium.remote.HttpCommandExecutor.execute(HttpCommandExecutor.java:158)
	at org.openqa.selenium.remote.service.DriverCommandExecutor.execute(DriverCommandExecutor.java:83)
	at org.openqa.selenium.remote.RemoteWebDriver.execute(RemoteWebDriver.java:548)
	at org.openqa.selenium.remote.RemoteWebElement.execute(RemoteWebElement.java:276)
	at org.openqa.selenium.remote.RemoteWebElement.click(RemoteWebElement.java:83)
	at sep7.Faceebok.home(Faceebok.java:21)
... Removed 29 stack frames]]>
    </failure>
  </testcase> <!-- home -->
</testsuite> <!-- secondreportsep8 -->
